
*** Running vivado
    with args -log SHA3_224_IN_32W.vds -m64 -product Vivado -mode batch -messageDb vivado.pb -notrace -source SHA3_224_IN_32W.tcl


ECHO is off.
ECHO is off.

****** Vivado v2023.2 (64-bit)
  **** SW Build 4029153 on Fri Oct 13 20:14:34 MDT 2023
  **** IP Build 4028589 on Sat Oct 14 00:45:43 MDT 2023
  **** SharedData Build 4025554 on Tue Oct 10 17:18:54 MDT 2023
    ** Copyright 1986-2022 Xilinx, Inc. All Rights Reserved.
    ** Copyright 2022-2023 Advanced Micro Devices, Inc. All Rights Reserved.

source SHA3_224_IN_32W.tcl -notrace
create_project: Time (s): cpu = 00:00:09 ; elapsed = 00:00:09 . Memory (MB): peak = 473.355 ; gain = 177.637
Command: synth_design -top SHA3_224_IN_32W -part xc7z020clg484-1
Starting synth_design
Attempting to get a license for feature 'Synthesis' and/or device 'xc7z020'
INFO: [Common 17-349] Got license for feature 'Synthesis' and/or device 'xc7z020'
INFO: [Synth 8-7079] Multithreading enabled for synth_design using a maximum of 2 processes.
INFO: [Synth 8-7078] Launching helper process for spawning children vivado processes
INFO: [Synth 8-7075] Helper process launched with PID 4248
---------------------------------------------------------------------------------
Starting Synthesize : Time (s): cpu = 00:00:06 ; elapsed = 00:00:06 . Memory (MB): peak = 921.328 ; gain = 444.016
---------------------------------------------------------------------------------
WARNING: [Synth 8-10940] macro 'DEPTH' is redefined [D:/vivado_projects/sha3/SHA3_2025/sha3_2025.srcs/sources_1/new/SHA3_MODULE.sv:22]
WARNING: [Synth 8-10940] macro 'DEPTH' is redefined [D:/vivado_projects/sha3/SHA3_2025/sha3_2025.srcs/sources_1/new/SHA3_224_IN_32W.sv:4]
INFO: [Synth 8-6157] synthesizing module 'SHA3_224_IN_32W' [D:/vivado_projects/sha3/SHA3_2025/sha3_2025.srcs/sources_1/new/SHA3_224_IN_32W.sv:8]
INFO: [Synth 8-6157] synthesizing module 'SHA3_MODULE' [D:/vivado_projects/sha3/SHA3_2025/sha3_2025.srcs/sources_1/new/SHA3_MODULE.sv:25]
	Parameter SHA3_VERSION bound to: 224 - type: integer 
	Parameter IN_BUS_WIDTH bound to: 32 - type: integer 
	Parameter MEMORY_DEPTH bound to: 1008.000000 - type: double 
INFO: [Synth 8-6157] synthesizing module 'PADDING_MODULE' [D:/vivado_projects/sha3/SHA3_2025/sha3_2025.srcs/sources_1/new/PADDING_MODULE.sv:29]
	Parameter IN_BUS_WIDTH bound to: 32 - type: integer 
	Parameter SHA3_VERSION bound to: 224 - type: integer 
	Parameter MEMORY_DEPTH bound to: 1008.000000 - type: double 
ERROR: [Synth 8-281] expression must be of a packed type [D:/vivado_projects/sha3/SHA3_2025/sha3_2025.srcs/sources_1/new/PADDING_MODULE.sv:84]
ERROR: [Synth 8-561] range expression could not be resolved to a constant [D:/vivado_projects/sha3/SHA3_2025/sha3_2025.srcs/sources_1/new/PADDING_MODULE.sv:84]
ERROR: [Synth 8-6156] failed synthesizing module 'PADDING_MODULE' [D:/vivado_projects/sha3/SHA3_2025/sha3_2025.srcs/sources_1/new/PADDING_MODULE.sv:29]
ERROR: [Synth 8-6156] failed synthesizing module 'SHA3_MODULE' [D:/vivado_projects/sha3/SHA3_2025/sha3_2025.srcs/sources_1/new/SHA3_MODULE.sv:25]
ERROR: [Synth 8-6156] failed synthesizing module 'SHA3_224_IN_32W' [D:/vivado_projects/sha3/SHA3_2025/sha3_2025.srcs/sources_1/new/SHA3_224_IN_32W.sv:8]
---------------------------------------------------------------------------------
Finished Synthesize : Time (s): cpu = 00:00:07 ; elapsed = 00:00:08 . Memory (MB): peak = 1038.027 ; gain = 560.715
---------------------------------------------------------------------------------
synthesize failed
INFO: [Common 17-83] Releasing license: Synthesis
8 Infos, 2 Warnings, 0 Critical Warnings and 6 Errors encountered.
synth_design failed
ERROR: [Common 17-69] Command failed: Vivado Synthesis failed
INFO: [Common 17-206] Exiting Vivado at Tue Aug 12 18:39:59 2025...
