INFO: [VRFC 10-2263] Analyzing SystemVerilog file "D:/vivado_projects/sha3/SHA3_2025/sha3_2025.srcs/sources_1/new/CHI.sv" into library xil_defaultlib
INFO: [VRFC 10-311] analyzing module CHI
INFO: [VRFC 10-2263] Analyzing SystemVerilog file "D:/vivado_projects/sha3/SHA3_2025/sha3_2025.srcs/sources_1/new/CHI_row.sv" into library xil_defaultlib
INFO: [VRFC 10-311] analyzing module CHI_row
INFO: [VRFC 10-2263] Analyzing SystemVerilog file "D:/vivado_projects/sha3/SHA3_2025/sha3_2025.srcs/sources_1/new/IOTA.sv" into library xil_defaultlib
INFO: [VRFC 10-311] analyzing module IOTA
INFO: [VRFC 10-2263] Analyzing SystemVerilog file "D:/vivado_projects/sha3/SHA3_2025/sha3_2025.srcs/sources_1/new/PADDING_MODULE.sv" into library xil_defaultlib
INFO: [VRFC 10-311] analyzing module PADDING_MODULE
INFO: [VRFC 10-2263] Analyzing SystemVerilog file "D:/vivado_projects/sha3/SHA3_2025/sha3_2025.srcs/sources_1/new/PERMUTATION_MODULE.sv" into library xil_defaultlib
INFO: [VRFC 10-311] analyzing module PERMUTATION_MODULE
INFO: [VRFC 10-2263] Analyzing SystemVerilog file "D:/vivado_projects/sha3/SHA3_2025/sha3_2025.srcs/sources_1/new/PI.sv" into library xil_defaultlib
INFO: [VRFC 10-311] analyzing module PI
INFO: [VRFC 10-2263] Analyzing SystemVerilog file "D:/vivado_projects/sha3/SHA3_2025/sha3_2025.srcs/sources_1/new/RHO.sv" into library xil_defaultlib
INFO: [VRFC 10-311] analyzing module RHO
INFO: [VRFC 10-2263] Analyzing SystemVerilog file "D:/vivado_projects/sha3/SHA3_2025/sha3_2025.srcs/sources_1/new/RND.sv" into library xil_defaultlib
INFO: [VRFC 10-311] analyzing module RND
INFO: [VRFC 10-2263] Analyzing SystemVerilog file "D:/vivado_projects/sha3/SHA3_2025/sha3_2025.srcs/sources_1/new/ROUND_CONSTANT_COUNTER.sv" into library xil_defaultlib
INFO: [VRFC 10-311] analyzing module ROUND_CONSTANT_CONVERTER
INFO: [VRFC 10-2263] Analyzing SystemVerilog file "D:/vivado_projects/sha3/SHA3_2025/sha3_2025.srcs/sources_1/new/SHA3_224_IN_32W.sv" into library xil_defaultlib
WARNING: [VRFC 10-9157] macro 'DEPTH' is redefined [D:/vivado_projects/sha3/SHA3_2025/sha3_2025.srcs/sources_1/new/SHA3_224_IN_32W.sv:4]
INFO: [VRFC 10-311] analyzing module SHA3_224_IN_32W
INFO: [VRFC 10-2263] Analyzing SystemVerilog file "D:/vivado_projects/sha3/SHA3_2025/sha3_2025.srcs/sources_1/new/SHA3_MODULE.sv" into library xil_defaultlib
WARNING: [VRFC 10-9157] macro 'DEPTH' is redefined [D:/vivado_projects/sha3/SHA3_2025/sha3_2025.srcs/sources_1/new/SHA3_MODULE.sv:22]
INFO: [VRFC 10-311] analyzing module SHA3_MODULE
INFO: [VRFC 10-2263] Analyzing SystemVerilog file "D:/vivado_projects/sha3/SHA3_2025/sha3_2025.srcs/sources_1/new/THETA.sv" into library xil_defaultlib
INFO: [VRFC 10-311] analyzing module THETA
INFO: [VRFC 10-2263] Analyzing SystemVerilog file "D:/vivado_projects/sha3/SHA3_2025/sha3_2025.srcs/sources_1/new/THETA_column.sv" into library xil_defaultlib
INFO: [VRFC 10-311] analyzing module THETA_column
INFO: [VRFC 10-2263] Analyzing SystemVerilog file "D:/vivado_projects/sha3/SHA3_2025/sha3_2025.srcs/sim_1/new/SHA3_224_general_test_tb.sv" into library xil_defaultlib
INFO: [VRFC 10-311] analyzing module SHA3_224_general_test_TB
