Vivado Simulator v2023.2
Copyright 1986-2022 Xilinx, Inc. All Rights Reserved.
Copyright 2022-2023 Advanced Micro Devices, Inc. All Rights Reserved.
Running: D:/Vivado/2023.2/bin/unwrapped/win64.o/xelab.exe --incr --debug typical --relax --mt 2 -L xil_defaultlib -L uvm -L unisims_ver -L unimacro_ver -L secureip --snapshot SHA3_384_2hash_10break_TB_behav xil_defaultlib.SHA3_384_2hash_10break_TB xil_defaultlib.glbl -log elaborate.log 
Using 2 slave threads.
Starting static elaboration
Pass Through NonSizing Optimizer
Completed static elaboration
Starting simulation data flow analysis
WARNING: [XSIM 43-4099] "D:/vivado_projects/sha3/SHA3_2025/sha3_2025.srcs/sources_1/new/CHI.sv" Line 5. Module CHI_default doesn't have a timescale but at least one module in design has a timescale.
WARNING: [XSIM 43-4099] "D:/vivado_projects/sha3/SHA3_2025/sha3_2025.srcs/sources_1/new/CHI_row.sv" Line 3. Module CHI_row doesn't have a timescale but at least one module in design has a timescale.
WARNING: [XSIM 43-4099] "D:/vivado_projects/sha3/SHA3_2025/sha3_2025.srcs/sources_1/new/CHI_row.sv" Line 3. Module CHI_row doesn't have a timescale but at least one module in design has a timescale.
WARNING: [XSIM 43-4099] "D:/vivado_projects/sha3/SHA3_2025/sha3_2025.srcs/sources_1/new/CHI_row.sv" Line 3. Module CHI_row doesn't have a timescale but at least one module in design has a timescale.
WARNING: [XSIM 43-4099] "D:/vivado_projects/sha3/SHA3_2025/sha3_2025.srcs/sources_1/new/CHI_row.sv" Line 3. Module CHI_row doesn't have a timescale but at least one module in design has a timescale.
WARNING: [XSIM 43-4099] "D:/vivado_projects/sha3/SHA3_2025/sha3_2025.srcs/sources_1/new/CHI_row.sv" Line 3. Module CHI_row doesn't have a timescale but at least one module in design has a timescale.
WARNING: [XSIM 43-4099] "D:/vivado_projects/sha3/SHA3_2025/sha3_2025.srcs/sources_1/new/CHI_row.sv" Line 3. Module CHI_row doesn't have a timescale but at least one module in design has a timescale.
WARNING: [XSIM 43-4099] "D:/vivado_projects/sha3/SHA3_2025/sha3_2025.srcs/sources_1/new/CHI_row.sv" Line 3. Module CHI_row doesn't have a timescale but at least one module in design has a timescale.
WARNING: [XSIM 43-4099] "D:/vivado_projects/sha3/SHA3_2025/sha3_2025.srcs/sources_1/new/CHI_row.sv" Line 3. Module CHI_row doesn't have a timescale but at least one module in design has a timescale.
WARNING: [XSIM 43-4099] "D:/vivado_projects/sha3/SHA3_2025/sha3_2025.srcs/sources_1/new/CHI_row.sv" Line 3. Module CHI_row doesn't have a timescale but at least one module in design has a timescale.
WARNING: [XSIM 43-4099] "D:/vivado_projects/sha3/SHA3_2025/sha3_2025.srcs/sources_1/new/CHI_row.sv" Line 3. Module CHI_row doesn't have a timescale but at least one module in design has a timescale.
WARNING: [XSIM 43-4099] "D:/vivado_projects/sha3/SHA3_2025/sha3_2025.srcs/sources_1/new/CHI_row.sv" Line 3. Module CHI_row doesn't have a timescale but at least one module in design has a timescale.
WARNING: [XSIM 43-4099] "D:/vivado_projects/sha3/SHA3_2025/sha3_2025.srcs/sources_1/new/CHI_row.sv" Line 3. Module CHI_row doesn't have a timescale but at least one module in design has a timescale.
WARNING: [XSIM 43-4099] "D:/vivado_projects/sha3/SHA3_2025/sha3_2025.srcs/sources_1/new/CHI_row.sv" Line 3. Module CHI_row doesn't have a timescale but at least one module in design has a timescale.
WARNING: [XSIM 43-4099] "D:/vivado_projects/sha3/SHA3_2025/sha3_2025.srcs/sources_1/new/CHI_row.sv" Line 3. Module CHI_row doesn't have a timescale but at least one module in design has a timescale.
WARNING: [XSIM 43-4099] "D:/vivado_projects/sha3/SHA3_2025/sha3_2025.srcs/sources_1/new/CHI_row.sv" Line 3. Module CHI_row doesn't have a timescale but at least one module in design has a timescale.
WARNING: [XSIM 43-4099] "D:/vivado_projects/sha3/SHA3_2025/sha3_2025.srcs/sources_1/new/CHI_row.sv" Line 3. Module CHI_row doesn't have a timescale but at least one module in design has a timescale.
WARNING: [XSIM 43-4099] "D:/vivado_projects/sha3/SHA3_2025/sha3_2025.srcs/sources_1/new/CHI_row.sv" Line 3. Module CHI_row doesn't have a timescale but at least one module in design has a timescale.
WARNING: [XSIM 43-4099] "D:/vivado_projects/sha3/SHA3_2025/sha3_2025.srcs/sources_1/new/CHI_row.sv" Line 3. Module CHI_row doesn't have a timescale but at least one module in design has a timescale.
WARNING: [XSIM 43-4099] "D:/vivado_projects/sha3/SHA3_2025/sha3_2025.srcs/sources_1/new/CHI_row.sv" Line 3. Module CHI_row doesn't have a timescale but at least one module in design has a timescale.
WARNING: [XSIM 43-4099] "D:/vivado_projects/sha3/SHA3_2025/sha3_2025.srcs/sources_1/new/CHI_row.sv" Line 3. Module CHI_row doesn't have a timescale but at least one module in design has a timescale.
WARNING: [XSIM 43-4099] "D:/vivado_projects/sha3/SHA3_2025/sha3_2025.srcs/sources_1/new/CHI_row.sv" Line 3. Module CHI_row doesn't have a timescale but at least one module in design has a timescale.
WARNING: [XSIM 43-4099] "D:/vivado_projects/sha3/SHA3_2025/sha3_2025.srcs/sources_1/new/CHI_row.sv" Line 3. Module CHI_row doesn't have a timescale but at least one module in design has a timescale.
WARNING: [XSIM 43-4099] "D:/vivado_projects/sha3/SHA3_2025/sha3_2025.srcs/sources_1/new/CHI_row.sv" Line 3. Module CHI_row doesn't have a timescale but at least one module in design has a timescale.
WARNING: [XSIM 43-4099] "D:/vivado_projects/sha3/SHA3_2025/sha3_2025.srcs/sources_1/new/CHI_row.sv" Line 3. Module CHI_row doesn't have a timescale but at least one module in design has a timescale.
WARNING: [XSIM 43-4099] "D:/vivado_projects/sha3/SHA3_2025/sha3_2025.srcs/sources_1/new/CHI_row.sv" Line 3. Module CHI_row doesn't have a timescale but at least one module in design has a timescale.
WARNING: [XSIM 43-4099] "D:/vivado_projects/sha3/SHA3_2025/sha3_2025.srcs/sources_1/new/CHI_row.sv" Line 3. Module CHI_row doesn't have a timescale but at least one module in design has a timescale.
WARNING: [XSIM 43-4099] "D:/vivado_projects/sha3/SHA3_2025/sha3_2025.srcs/sources_1/new/CHI_row.sv" Line 3. Module CHI_row doesn't have a timescale but at least one module in design has a timescale.
WARNING: [XSIM 43-4099] "D:/vivado_projects/sha3/SHA3_2025/sha3_2025.srcs/sources_1/new/CHI_row.sv" Line 3. Module CHI_row doesn't have a timescale but at least one module in design has a timescale.
WARNING: [XSIM 43-4099] "D:/vivado_projects/sha3/SHA3_2025/sha3_2025.srcs/sources_1/new/CHI_row.sv" Line 3. Module CHI_row doesn't have a timescale but at least one module in design has a timescale.
WARNING: [XSIM 43-4099] "D:/vivado_projects/sha3/SHA3_2025/sha3_2025.srcs/sources_1/new/CHI_row.sv" Line 3. Module CHI_row doesn't have a timescale but at least one module in design has a timescale.
WARNING: [XSIM 43-4099] "D:/vivado_projects/sha3/SHA3_2025/sha3_2025.srcs/sources_1/new/CHI_row.sv" Line 3. Module CHI_row doesn't have a timescale but at least one module in design has a timescale.
WARNING: [XSIM 43-4099] "D:/vivado_projects/sha3/SHA3_2025/sha3_2025.srcs/sources_1/new/CHI_row.sv" Line 3. Module CHI_row doesn't have a timescale but at least one module in design has a timescale.
WARNING: [XSIM 43-4099] "D:/vivado_projects/sha3/SHA3_2025/sha3_2025.srcs/sources_1/new/CHI_row.sv" Line 3. Module CHI_row doesn't have a timescale but at least one module in design has a timescale.
WARNING: [XSIM 43-4099] "D:/vivado_projects/sha3/SHA3_2025/sha3_2025.srcs/sources_1/new/CHI_row.sv" Line 3. Module CHI_row doesn't have a timescale but at least one module in design has a timescale.
WARNING: [XSIM 43-4099] "D:/vivado_projects/sha3/SHA3_2025/sha3_2025.srcs/sources_1/new/CHI_row.sv" Line 3. Module CHI_row doesn't have a timescale but at least one module in design has a timescale.
WARNING: [XSIM 43-4099] "D:/vivado_projects/sha3/SHA3_2025/sha3_2025.srcs/sources_1/new/CHI_row.sv" Line 3. Module CHI_row doesn't have a timescale but at least one module in design has a timescale.
WARNING: [XSIM 43-4099] "D:/vivado_projects/sha3/SHA3_2025/sha3_2025.srcs/sources_1/new/CHI_row.sv" Line 3. Module CHI_row doesn't have a timescale but at least one module in design has a timescale.
WARNING: [XSIM 43-4099] "D:/vivado_projects/sha3/SHA3_2025/sha3_2025.srcs/sources_1/new/CHI_row.sv" Line 3. Module CHI_row doesn't have a timescale but at least one module in design has a timescale.
WARNING: [XSIM 43-4099] "D:/vivado_projects/sha3/SHA3_2025/sha3_2025.srcs/sources_1/new/CHI_row.sv" Line 3. Module CHI_row doesn't have a timescale but at least one module in design has a timescale.
WARNING: [XSIM 43-4099] "D:/vivado_projects/sha3/SHA3_2025/sha3_2025.srcs/sources_1/new/CHI_row.sv" Line 3. Module CHI_row doesn't have a timescale but at least one module in design has a timescale.
WARNING: [XSIM 43-4099] "D:/vivado_projects/sha3/SHA3_2025/sha3_2025.srcs/sources_1/new/CHI_row.sv" Line 3. Module CHI_row doesn't have a timescale but at least one module in design has a timescale.
WARNING: [XSIM 43-4099] "D:/vivado_projects/sha3/SHA3_2025/sha3_2025.srcs/sources_1/new/CHI_row.sv" Line 3. Module CHI_row doesn't have a timescale but at least one module in design has a timescale.
WARNING: [XSIM 43-4099] "D:/vivado_projects/sha3/SHA3_2025/sha3_2025.srcs/sources_1/new/CHI_row.sv" Line 3. Module CHI_row doesn't have a timescale but at least one module in design has a timescale.
WARNING: [XSIM 43-4099] "D:/vivado_projects/sha3/SHA3_2025/sha3_2025.srcs/sources_1/new/CHI_row.sv" Line 3. Module CHI_row doesn't have a timescale but at least one module in design has a timescale.
WARNING: [XSIM 43-4099] "D:/vivado_projects/sha3/SHA3_2025/sha3_2025.srcs/sources_1/new/CHI_row.sv" Line 3. Module CHI_row doesn't have a timescale but at least one module in design has a timescale.
WARNING: [XSIM 43-4099] "D:/vivado_projects/sha3/SHA3_2025/sha3_2025.srcs/sources_1/new/CHI_row.sv" Line 3. Module CHI_row doesn't have a timescale but at least one module in design has a timescale.
WARNING: [XSIM 43-4099] "D:/vivado_projects/sha3/SHA3_2025/sha3_2025.srcs/sources_1/new/CHI_row.sv" Line 3. Module CHI_row doesn't have a timescale but at least one module in design has a timescale.
WARNING: [XSIM 43-4099] "D:/vivado_projects/sha3/SHA3_2025/sha3_2025.srcs/sources_1/new/CHI_row.sv" Line 3. Module CHI_row doesn't have a timescale but at least one module in design has a timescale.
WARNING: [XSIM 43-4099] "D:/vivado_projects/sha3/SHA3_2025/sha3_2025.srcs/sources_1/new/CHI_row.sv" Line 3. Module CHI_row doesn't have a timescale but at least one module in design has a timescale.
WARNING: [XSIM 43-4099] "D:/vivado_projects/sha3/SHA3_2025/sha3_2025.srcs/sources_1/new/CHI_row.sv" Line 3. Module CHI_row doesn't have a timescale but at least one module in design has a timescale.
WARNING: [XSIM 43-4099] "D:/vivado_projects/sha3/SHA3_2025/sha3_2025.srcs/sources_1/new/CHI_row.sv" Line 3. Module CHI_row doesn't have a timescale but at least one module in design has a timescale.
WARNING: [XSIM 43-4099] "D:/vivado_projects/sha3/SHA3_2025/sha3_2025.srcs/sources_1/new/CHI_row.sv" Line 3. Module CHI_row doesn't have a timescale but at least one module in design has a timescale.
WARNING: [XSIM 43-4099] "D:/vivado_projects/sha3/SHA3_2025/sha3_2025.srcs/sources_1/new/CHI_row.sv" Line 3. Module CHI_row doesn't have a timescale but at least one module in design has a timescale.
WARNING: [XSIM 43-4099] "D:/vivado_projects/sha3/SHA3_2025/sha3_2025.srcs/sources_1/new/CHI_row.sv" Line 3. Module CHI_row doesn't have a timescale but at least one module in design has a timescale.
WARNING: [XSIM 43-4099] "D:/vivado_projects/sha3/SHA3_2025/sha3_2025.srcs/sources_1/new/CHI_row.sv" Line 3. Module CHI_row doesn't have a timescale but at least one module in design has a timescale.
WARNING: [XSIM 43-4099] "D:/vivado_projects/sha3/SHA3_2025/sha3_2025.srcs/sources_1/new/CHI_row.sv" Line 3. Module CHI_row doesn't have a timescale but at least one module in design has a timescale.
WARNING: [XSIM 43-4099] "D:/vivado_projects/sha3/SHA3_2025/sha3_2025.srcs/sources_1/new/CHI_row.sv" Line 3. Module CHI_row doesn't have a timescale but at least one module in design has a timescale.
WARNING: [XSIM 43-4099] "D:/vivado_projects/sha3/SHA3_2025/sha3_2025.srcs/sources_1/new/CHI_row.sv" Line 3. Module CHI_row doesn't have a timescale but at least one module in design has a timescale.
WARNING: [XSIM 43-4099] "D:/vivado_projects/sha3/SHA3_2025/sha3_2025.srcs/sources_1/new/CHI_row.sv" Line 3. Module CHI_row doesn't have a timescale but at least one module in design has a timescale.
WARNING: [XSIM 43-4099] "D:/vivado_projects/sha3/SHA3_2025/sha3_2025.srcs/sources_1/new/CHI_row.sv" Line 3. Module CHI_row doesn't have a timescale but at least one module in design has a timescale.
WARNING: [XSIM 43-4099] "D:/vivado_projects/sha3/SHA3_2025/sha3_2025.srcs/sources_1/new/CHI_row.sv" Line 3. Module CHI_row doesn't have a timescale but at least one module in design has a timescale.
WARNING: [XSIM 43-4099] "D:/vivado_projects/sha3/SHA3_2025/sha3_2025.srcs/sources_1/new/CHI_row.sv" Line 3. Module CHI_row doesn't have a timescale but at least one module in design has a timescale.
WARNING: [XSIM 43-4099] "D:/vivado_projects/sha3/SHA3_2025/sha3_2025.srcs/sources_1/new/CHI_row.sv" Line 3. Module CHI_row doesn't have a timescale but at least one module in design has a timescale.
WARNING: [XSIM 43-4099] "D:/vivado_projects/sha3/SHA3_2025/sha3_2025.srcs/sources_1/new/CHI_row.sv" Line 3. Module CHI_row doesn't have a timescale but at least one module in design has a timescale.
WARNING: [XSIM 43-4099] "D:/vivado_projects/sha3/SHA3_2025/sha3_2025.srcs/sources_1/new/CHI_row.sv" Line 3. Module CHI_row doesn't have a timescale but at least one module in design has a timescale.
WARNING: [XSIM 43-4099] "D:/vivado_projects/sha3/SHA3_2025/sha3_2025.srcs/sources_1/new/CHI_row.sv" Line 3. Module CHI_row doesn't have a timescale but at least one module in design has a timescale.
WARNING: [XSIM 43-4099] "D:/vivado_projects/sha3/SHA3_2025/sha3_2025.srcs/sources_1/new/CHI_row.sv" Line 3. Module CHI_row doesn't have a timescale but at least one module in design has a timescale.
WARNING: [XSIM 43-4099] "D:/vivado_projects/sha3/SHA3_2025/sha3_2025.srcs/sources_1/new/CHI_row.sv" Line 3. Module CHI_row doesn't have a timescale but at least one module in design has a timescale.
WARNING: [XSIM 43-4099] "D:/vivado_projects/sha3/SHA3_2025/sha3_2025.srcs/sources_1/new/CHI_row.sv" Line 3. Module CHI_row doesn't have a timescale but at least one module in design has a timescale.
WARNING: [XSIM 43-4099] "D:/vivado_projects/sha3/SHA3_2025/sha3_2025.srcs/sources_1/new/CHI_row.sv" Line 3. Module CHI_row doesn't have a timescale but at least one module in design has a timescale.
WARNING: [XSIM 43-4099] "D:/vivado_projects/sha3/SHA3_2025/sha3_2025.srcs/sources_1/new/CHI_row.sv" Line 3. Module CHI_row doesn't have a timescale but at least one module in design has a timescale.
WARNING: [XSIM 43-4099] "D:/vivado_projects/sha3/SHA3_2025/sha3_2025.srcs/sources_1/new/CHI_row.sv" Line 3. Module CHI_row doesn't have a timescale but at least one module in design has a timescale.
WARNING: [XSIM 43-4099] "D:/vivado_projects/sha3/SHA3_2025/sha3_2025.srcs/sources_1/new/CHI_row.sv" Line 3. Module CHI_row doesn't have a timescale but at least one module in design has a timescale.
WARNING: [XSIM 43-4099] "D:/vivado_projects/sha3/SHA3_2025/sha3_2025.srcs/sources_1/new/CHI_row.sv" Line 3. Module CHI_row doesn't have a timescale but at least one module in design has a timescale.
WARNING: [XSIM 43-4099] "D:/vivado_projects/sha3/SHA3_2025/sha3_2025.srcs/sources_1/new/CHI_row.sv" Line 3. Module CHI_row doesn't have a timescale but at least one module in design has a timescale.
WARNING: [XSIM 43-4099] "D:/vivado_projects/sha3/SHA3_2025/sha3_2025.srcs/sources_1/new/CHI_row.sv" Line 3. Module CHI_row doesn't have a timescale but at least one module in design has a timescale.
WARNING: [XSIM 43-4099] "D:/vivado_projects/sha3/SHA3_2025/sha3_2025.srcs/sources_1/new/CHI_row.sv" Line 3. Module CHI_row doesn't have a timescale but at least one module in design has a timescale.
WARNING: [XSIM 43-4099] "D:/vivado_projects/sha3/SHA3_2025/sha3_2025.srcs/sources_1/new/CHI_row.sv" Line 3. Module CHI_row doesn't have a timescale but at least one module in design has a timescale.
WARNING: [XSIM 43-4099] "D:/vivado_projects/sha3/SHA3_2025/sha3_2025.srcs/sources_1/new/CHI_row.sv" Line 3. Module CHI_row doesn't have a timescale but at least one module in design has a timescale.
WARNING: [XSIM 43-4099] "D:/vivado_projects/sha3/SHA3_2025/sha3_2025.srcs/sources_1/new/CHI_row.sv" Line 3. Module CHI_row doesn't have a timescale but at least one module in design has a timescale.
WARNING: [XSIM 43-4099] "D:/vivado_projects/sha3/SHA3_2025/sha3_2025.srcs/sources_1/new/CHI_row.sv" Line 3. Module CHI_row doesn't have a timescale but at least one module in design has a timescale.
WARNING: [XSIM 43-4099] "D:/vivado_projects/sha3/SHA3_2025/sha3_2025.srcs/sources_1/new/CHI_row.sv" Line 3. Module CHI_row doesn't have a timescale but at least one module in design has a timescale.
WARNING: [XSIM 43-4099] "D:/vivado_projects/sha3/SHA3_2025/sha3_2025.srcs/sources_1/new/CHI_row.sv" Line 3. Module CHI_row doesn't have a timescale but at least one module in design has a timescale.
WARNING: [XSIM 43-4099] "D:/vivado_projects/sha3/SHA3_2025/sha3_2025.srcs/sources_1/new/CHI_row.sv" Line 3. Module CHI_row doesn't have a timescale but at least one module in design has a timescale.
WARNING: [XSIM 43-4099] "D:/vivado_projects/sha3/SHA3_2025/sha3_2025.srcs/sources_1/new/CHI_row.sv" Line 3. Module CHI_row doesn't have a timescale but at least one module in design has a timescale.
WARNING: [XSIM 43-4099] "D:/vivado_projects/sha3/SHA3_2025/sha3_2025.srcs/sources_1/new/CHI_row.sv" Line 3. Module CHI_row doesn't have a timescale but at least one module in design has a timescale.
WARNING: [XSIM 43-4099] "D:/vivado_projects/sha3/SHA3_2025/sha3_2025.srcs/sources_1/new/CHI_row.sv" Line 3. Module CHI_row doesn't have a timescale but at least one module in design has a timescale.
WARNING: [XSIM 43-4099] "D:/vivado_projects/sha3/SHA3_2025/sha3_2025.srcs/sources_1/new/CHI_row.sv" Line 3. Module CHI_row doesn't have a timescale but at least one module in design has a timescale.
WARNING: [XSIM 43-4099] "D:/vivado_projects/sha3/SHA3_2025/sha3_2025.srcs/sources_1/new/CHI_row.sv" Line 3. Module CHI_row doesn't have a timescale but at least one module in design has a timescale.
WARNING: [XSIM 43-4099] "D:/vivado_projects/sha3/SHA3_2025/sha3_2025.srcs/sources_1/new/CHI_row.sv" Line 3. Module CHI_row doesn't have a timescale but at least one module in design has a timescale.
WARNING: [XSIM 43-4099] "D:/vivado_projects/sha3/SHA3_2025/sha3_2025.srcs/sources_1/new/CHI_row.sv" Line 3. Module CHI_row doesn't have a timescale but at least one module in design has a timescale.
WARNING: [XSIM 43-4099] "D:/vivado_projects/sha3/SHA3_2025/sha3_2025.srcs/sources_1/new/CHI_row.sv" Line 3. Module CHI_row doesn't have a timescale but at least one module in design has a timescale.
WARNING: [XSIM 43-4099] "D:/vivado_projects/sha3/SHA3_2025/sha3_2025.srcs/sources_1/new/CHI_row.sv" Line 3. Module CHI_row doesn't have a timescale but at least one module in design has a timescale.
WARNING: [XSIM 43-4099] "D:/vivado_projects/sha3/SHA3_2025/sha3_2025.srcs/sources_1/new/CHI_row.sv" Line 3. Module CHI_row doesn't have a timescale but at least one module in design has a timescale.
WARNING: [XSIM 43-4099] "D:/vivado_projects/sha3/SHA3_2025/sha3_2025.srcs/sources_1/new/CHI_row.sv" Line 3. Module CHI_row doesn't have a timescale but at least one module in design has a timescale.
WARNING: [XSIM 43-4099] "D:/vivado_projects/sha3/SHA3_2025/sha3_2025.srcs/sources_1/new/CHI_row.sv" Line 3. Module CHI_row doesn't have a timescale but at least one module in design has a timescale.
WARNING: [XSIM 43-4099] "D:/vivado_projects/sha3/SHA3_2025/sha3_2025.srcs/sources_1/new/CHI_row.sv" Line 3. Module CHI_row doesn't have a timescale but at least one module in design has a timescale.
WARNING: [XSIM 43-4099] "D:/vivado_projects/sha3/SHA3_2025/sha3_2025.srcs/sources_1/new/CHI_row.sv" Line 3. Module CHI_row doesn't have a timescale but at least one module in design has a timescale.
WARNING: [XSIM 43-4099] "D:/vivado_projects/sha3/SHA3_2025/sha3_2025.srcs/sources_1/new/CHI_row.sv" Line 3. Module CHI_row doesn't have a timescale but at least one module in design has a timescale.
INFO: [Common 17-14] Message 'XSIM 43-4099' appears 100 times and further instances of the messages will be disabled. Use the Tcl command set_msg_config to change the current settings.
Completed simulation data flow analysis
Time Resolution for simulation is 1ps
Compiling module xil_defaultlib.PADDING_MODULE(SHA3_VERSION=384,...
Compiling module xil_defaultlib.ROUND_CONSTANT_CONVERTER
Compiling module xil_defaultlib.THETA_column
Compiling module xil_defaultlib.THETA_default
Compiling module xil_defaultlib.RHO
Compiling module xil_defaultlib.PI
Compiling module xil_defaultlib.CHI_row
Compiling module xil_defaultlib.CHI_default
Compiling module xil_defaultlib.IOTA
Compiling module xil_defaultlib.RND
Compiling module xil_defaultlib.PERMUTATION_MODULE(SHA3_VERSION=...
Compiling module xil_defaultlib.SHA3_MODULE(SHA3_VERSION=384)
Compiling module xil_defaultlib.SHA3_384_IN_32W
Compiling module xil_defaultlib.SHA3_384_2hash_10break_TB
Compiling module xil_defaultlib.glbl
Built simulation snapshot SHA3_384_2hash_10break_TB_behav
